<?xml version="1.0" encoding="UTF-8"?>
<testng-results ignored="0" total="1" passed="1" failed="0" skipped="0">
  <reporter-output>
  </reporter-output>
  <suite started-at="2021-02-21T14:22:48 IST" name="Default suite" finished-at="2021-02-21T14:23:06 IST" duration-ms="18497">
    <groups>
    </groups>
    <test started-at="2021-02-21T14:22:48 IST" name="Default test" finished-at="2021-02-21T14:23:06 IST" duration-ms="18497">
      <class name="TestCases.TC1_loginSenario">
        <test-method is-config="true" signature="setup()[pri:0, instance:TestCases.TC1_loginSenario@563f38c4]" started-at="2021-02-21T14:22:48 IST" name="setup" finished-at="2021-02-21T14:22:52 IST" duration-ms="4010" status="PASS">
          <reporter-output>
          </reporter-output>
        </test-method> <!-- setup -->
        <test-method signature="TC1_Login()[pri:0, instance:TestCases.TC1_loginSenario@563f38c4]" started-at="2021-02-21T14:22:52 IST" name="TC1_Login" finished-at="2021-02-21T14:23:06 IST" duration-ms="13809" status="PASS">
          <reporter-output>
          </reporter-output>
        </test-method> <!-- TC1_Login -->
        <test-method is-config="true" signature="tearDown()[pri:0, instance:TestCases.TC1_loginSenario@563f38c4]" started-at="2021-02-21T14:23:06 IST" name="tearDown" finished-at="2021-02-21T14:23:06 IST" duration-ms="641" status="PASS">
          <reporter-output>
          </reporter-output>
        </test-method> <!-- tearDown -->
      </class> <!-- TestCases.TC1_loginSenario -->
    </test> <!-- Default test -->
  </suite> <!-- Default suite -->
</testng-results>
