<?xml version="1.0" encoding="UTF-8"?>
<testng-results ignored="0" total="1" passed="1" failed="0" skipped="0">
  <reporter-output>
  </reporter-output>
  <suite started-at="2021-02-20T23:23:00 IST" name="Default suite" finished-at="2021-02-20T23:23:18 IST" duration-ms="17307">
    <groups>
    </groups>
    <test started-at="2021-02-20T23:23:00 IST" name="Default test" finished-at="2021-02-20T23:23:18 IST" duration-ms="17307">
      <class name="TestCases.TC1_loginSenario">
        <test-method is-config="true" signature="setup()[pri:0, instance:TestCases.TC1_loginSenario@3e8c3cb]" started-at="2021-02-20T23:23:00 IST" name="setup" finished-at="2021-02-20T23:23:02 IST" duration-ms="1327" status="PASS">
          <reporter-output>
          </reporter-output>
        </test-method> <!-- setup -->
        <test-method signature="TC1_Login()[pri:0, instance:TestCases.TC1_loginSenario@3e8c3cb]" started-at="2021-02-20T23:23:02 IST" name="TC1_Login" finished-at="2021-02-20T23:23:17 IST" duration-ms="15305" status="PASS">
          <reporter-output>
          </reporter-output>
        </test-method> <!-- TC1_Login -->
        <test-method is-config="true" signature="tearDown()[pri:0, instance:TestCases.TC1_loginSenario@3e8c3cb]" started-at="2021-02-20T23:23:17 IST" name="tearDown" finished-at="2021-02-20T23:23:18 IST" duration-ms="652" status="PASS">
          <reporter-output>
          </reporter-output>
        </test-method> <!-- tearDown -->
      </class> <!-- TestCases.TC1_loginSenario -->
    </test> <!-- Default test -->
  </suite> <!-- Default suite -->
</testng-results>
